<?xml version="1.0" encoding="UTF-8"?>
<!-- Generated by org.testng.reporters.JUnitReportReporter -->
<testsuite skipped="0" hostname="PL" name="executetests.HomeTest" tests="1" failures="0" timestamp="2022-08-15T09:13:54 IST" time="18.588" errors="0">
  <testcase name="verifyWhetherObsquraLog" time="18.588" classname="executetests.HomeTest"/>
  <system-out/>
</testsuite> <!-- executetests.HomeTest -->
