<?xml version="1.0" encoding="UTF-8"?>
<!-- Generated by org.testng.reporters.JUnitReportReporter -->
<testsuite skipped="0" hostname="PL" name="executetests.TableTest" tests="1" failures="0" timestamp="2022-08-18T08:56:51 IST" time="17.169" errors="0">
  <testcase name="verifyTextNames" time="17.169" classname="executetests.TableTest"/>
  <system-out/>
</testsuite> <!-- executetests.TableTest -->
