<?xml version="1.0" encoding="UTF-8"?>
<!-- Generated by org.testng.reporters.JUnitReportReporter -->
<testsuite skipped="0" hostname="PL" name="executetests.InputFormTest" tests="1" failures="0" timestamp="2022-08-18T21:19:41 IST" time="17.975" errors="0">
  <testcase name="verfiyInputForm" time="17.975" classname="executetests.InputFormTest"/>
  <system-out/>
</testsuite> <!-- executetests.InputFormTest -->
