<?xml version="1.0" encoding="UTF-8"?>
<!-- Generated by org.testng.reporters.JUnitReportReporter -->
<testsuite skipped="0" hostname="PL" name="executetests.DatePickersTest" tests="1" failures="0" timestamp="2022-08-17T19:53:27 IST" time="17.626" errors="0">
  <testcase name="verifyDatePicker" time="17.626" classname="executetests.DatePickersTest"/>
  <system-out/>
</testsuite> <!-- executetests.DatePickersTest -->
